#
# There is insufficient memory for the Java Runtime Environment to continue.
# Native memory allocation (mmap) failed to map 268435456 bytes for G1 virtual space
# Possible reasons:
#   The system is out of physical RAM or swap space
#   The process is running with CompressedOops enabled, and the Java Heap may be blocking the growth of the native heap
# Possible solutions:
#   Reduce memory load on the system
#   Increase physical memory or swap space
#   Check if swap backing store is full
#   Decrease Java heap size (-Xmx/-Xms)
#   Decrease number of Java threads
#   Decrease Java thread stack sizes (-Xss)
#   Set larger code cache with -XX:ReservedCodeCacheSize=
#   JVM is running with Zero Based Compressed Oops mode in which the Java heap is
#     placed in the first 32GB address space. The Java Heap base address is the
#     maximum limit for the native heap growth. Please use -XX:HeapBaseMinAddress
#     to set the Java Heap base and to place the Java Heap above 32GB virtual address.
# This output file may be truncated or incomplete.
#
#  Out of Memory Error (./open/src/hotspot/os/windows/os_windows.cpp:3321), pid=2436, tid=19176
#
# JRE version:  (15.0.2+7) (build )
# Java VM: Java HotSpot(TM) 64-Bit Server VM (15.0.2+7-27, mixed mode, sharing, tiered, compressed oops, g1 gc, windows-amd64)
# No core dump will be written. Minidumps are not enabled by default on client versions of Windows
#

---------------  S U M M A R Y ------------

Command Line: -Dfile.encoding=Cp1252 -XX:+ShowCodeDetailsInExceptionMessages kidszaniakl.ZaniaKL

Host: Intel(R) Core(TM) i7-8550U CPU @ 1.80GHz, 8 cores, 15G,  Windows 10 , 64 bit Build 19041 (10.0.19041.1023)
Time: Tue Jun 22 00:44:22 2021 Malay Peninsula Standard Time elapsed time: 0.023584 seconds (0d 0h 0m 0s)

---------------  T H R E A D  ---------------

Current thread (0x000002ab9011f510):  JavaThread "Unknown thread" [_thread_in_vm, id=19176, stack(0x000000b7fae00000,0x000000b7faf00000)]

Stack: [0x000000b7fae00000,0x000000b7faf00000]
Native frames: (J=compiled Java code, j=interpreted, Vv=VM code, C=native code)
V  [jvm.dll+0x62ae9a]
V  [jvm.dll+0x7817a9]
V  [jvm.dll+0x782f03]
V  [jvm.dll+0x783563]
V  [jvm.dll+0x216325]
V  [jvm.dll+0x6281d9]
V  [jvm.dll+0x61cf55]
V  [jvm.dll+0x2cffdd]
V  [jvm.dll+0x2cfe42]
V  [jvm.dll+0x2d5e1c]
V  [jvm.dll+0x32590a]
V  [jvm.dll+0x324fd4]
V  [jvm.dll+0x2a6f5a]
V  [jvm.dll+0x2a80f8]
V  [jvm.dll+0x75e241]
V  [jvm.dll+0x3341c4]
V  [jvm.dll+0x73e926]
V  [jvm.dll+0x3b7557]
V  [jvm.dll+0x3b8fe1]
C  [jli.dll+0x52fb]
C  [ucrtbase.dll+0x21bb2]
C  [KERNEL32.DLL+0x17034]
C  [ntdll.dll+0x52651]


---------------  P R O C E S S  ---------------

Threads class SMR info:
_java_thread_list=0x00007ffac2ae4ff0, length=0, elements={
}

Java Threads: ( => current thread )

Other Threads:
  0x000002ab90170c10 GCTaskThread "GC Thread#0" [stack: 0x000000b7faf00000,0x000000b7fb000000] [id=17628]
  0x000002ab901832e0 ConcurrentGCThread "G1 Main Marker" [stack: 0x000000b7fb000000,0x000000b7fb100000] [id=14716]
  0x000002ab90183de0 ConcurrentGCThread "G1 Conc#0" [stack: 0x000000b7fb100000,0x000000b7fb200000] [id=11032]

[error occurred during error reporting (printing all threads), id 0xc0000005, EXCEPTION_ACCESS_VIOLATION (0xc0000005) at pc=0x00007ffac22d7e27]

VM state: not at safepoint (not fully initialized)

VM Mutex/Monitor currently owned by a thread:  ([mutex/lock_event])
[0x000002ab9011b560] Heap_lock - owner thread: 0x000002ab9011f510

Heap address: 0x0000000701c00000, size: 4068 MB, Compressed Oops mode: Zero based, Oop shift amount: 3
CDS archive(s) mapped at: [0x0000000000000000-0x0000000000000000-0x0000000000000000), size 0, SharedBaseAddress: 0x0000000800000000, ArchiveRelocationMode: 0.
Narrow klass base: 0x0000000000000000, Narrow klass shift: 0, Narrow klass range: 0x0

Heap:
 garbage-first heap   total 262144K, used 0K [0x0000000701c00000, 0x0000000800000000)
  region size 2048K, 0 young (0K), 0 survivors (0K)
 Metaspace       used 0K, capacity 0K, committed 0K, reserved 0K
  class space    used 0K, capacity 0K, committed 0K, reserved 0K

Heap Regions: E=young(eden), S=young(survivor), O=old, HS=humongous(starts), HC=humongous(continues), CS=collection set, F=free, OA=open archive, CA=closed archive, TAMS=top-at-mark-start (previous, next)

Card table byte_map: [0x000002aba7e90000,0x000002aba8690000] _byte_map_base: 0x000002aba4682000

Marking Bits (Prev, Next): (CMBitMap*) 0x000002ab90171390, (CMBitMap*) 0x000002ab901713d0
 Prev Bits: [0x000002aba8e90000, 0x000002abace20000)
 Next Bits: [0x000002abace20000, 0x000002abb0db0000)

GC Heap History (0 events):
No events

Deoptimization events (0 events):
No events

Classes unloaded (0 events):
No events

Classes redefined (0 events):
No events

Internal exceptions (0 events):
No events

Events (1 events):
Event: 0.018 Loaded shared library C:\Program Files\Java\jdk-15.0.2\bin\java.dll


Dynamic libraries:
0x00007ff7e7460000 - 0x00007ff7e746f000 	C:\Program Files\Java\jdk-15.0.2\bin\javaw.exe
0x00007ffb1c3f0000 - 0x00007ffb1c5e5000 	C:\WINDOWS\SYSTEM32\ntdll.dll
0x00007ffb1c2f0000 - 0x00007ffb1c3ad000 	C:\WINDOWS\System32\KERNEL32.DLL
0x00007ffb19bd0000 - 0x00007ffb19e98000 	C:\WINDOWS\System32\KERNELBASE.dll
0x00007ffb1a360000 - 0x00007ffb1a460000 	C:\WINDOWS\System32\ucrtbase.dll
0x00007ffb08aa0000 - 0x00007ffb08ab9000 	C:\Program Files\Java\jdk-15.0.2\bin\VCRUNTIME140.dll
0x00007ffb11160000 - 0x00007ffb11178000 	C:\Program Files\Java\jdk-15.0.2\bin\jli.dll
0x00007ffb1bdd0000 - 0x00007ffb1be7c000 	C:\WINDOWS\System32\ADVAPI32.dll
0x00007ffb1bb30000 - 0x00007ffb1bbce000 	C:\WINDOWS\System32\msvcrt.dll
0x00007ffb1bee0000 - 0x00007ffb1bf7b000 	C:\WINDOWS\System32\sechost.dll
0x00007ffb1bf80000 - 0x00007ffb1c0ab000 	C:\WINDOWS\System32\RPCRT4.dll
0x00007ffb1a660000 - 0x00007ffb1a800000 	C:\WINDOWS\System32\USER32.dll
0x00007ffb19ea0000 - 0x00007ffb19ec2000 	C:\WINDOWS\System32\win32u.dll
0x00007ffb1b680000 - 0x00007ffb1b6aa000 	C:\WINDOWS\System32\GDI32.dll
0x00007ffb1a110000 - 0x00007ffb1a21b000 	C:\WINDOWS\System32\gdi32full.dll
0x00007ffb19b30000 - 0x00007ffb19bcd000 	C:\WINDOWS\System32\msvcp_win.dll
0x00007ffb04a20000 - 0x00007ffb04cba000 	C:\WINDOWS\WinSxS\amd64_microsoft.windows.common-controls_6595b64144ccf1df_6.0.19041.1052_none_60b8f8fd71f5e8cb\COMCTL32.dll
0x00007ffb09b50000 - 0x00007ffb09b5a000 	C:\WINDOWS\SYSTEM32\VERSION.dll
0x00007ffb1acb0000 - 0x00007ffb1ace0000 	C:\WINDOWS\System32\IMM32.DLL
0x00007ffb16dc0000 - 0x00007ffb16dcc000 	C:\Program Files\Java\jdk-15.0.2\bin\vcruntime140_1.dll
0x00007ffafdcb0000 - 0x00007ffafdd41000 	C:\Program Files\Java\jdk-15.0.2\bin\msvcp140.dll
0x00007ffac2020000 - 0x00007ffac2b7e000 	C:\Program Files\Java\jdk-15.0.2\bin\server\jvm.dll
0x00007ffb1b5c0000 - 0x00007ffb1b5c8000 	C:\WINDOWS\System32\PSAPI.DLL
0x00007ffb161a0000 - 0x00007ffb161a9000 	C:\WINDOWS\SYSTEM32\WSOCK32.dll
0x00007ffb070e0000 - 0x00007ffb07107000 	C:\WINDOWS\SYSTEM32\WINMM.dll
0x00007ffb1bd60000 - 0x00007ffb1bdcb000 	C:\WINDOWS\System32\WS2_32.dll
0x00007ffb186b0000 - 0x00007ffb186c2000 	C:\WINDOWS\SYSTEM32\kernel.appcore.dll
0x00007ffb16140000 - 0x00007ffb1614a000 	C:\Program Files\Java\jdk-15.0.2\bin\jimage.dll
0x00007ffb18100000 - 0x00007ffb182e4000 	C:\WINDOWS\SYSTEM32\DBGHELP.DLL
0x00007ffafaa50000 - 0x00007ffafaa7c000 	C:\WINDOWS\SYSTEM32\dbgcore.DLL
0x00007ffb19ed0000 - 0x00007ffb19f53000 	C:\WINDOWS\System32\bcryptPrimitives.dll
0x00007ffb011d0000 - 0x00007ffb011f5000 	C:\Program Files\Java\jdk-15.0.2\bin\java.dll

dbghelp: loaded successfully - version: 4.0.5 - missing functions: none
symbol engine: initialized successfully - sym options: 0x614 - pdb path: .;C:\Program Files\Java\jdk-15.0.2\bin;C:\WINDOWS\SYSTEM32;C:\WINDOWS\WinSxS\amd64_microsoft.windows.common-controls_6595b64144ccf1df_6.0.19041.1052_none_60b8f8fd71f5e8cb;C:\Program Files\Java\jdk-15.0.2\bin\server

VM Arguments:
jvm_args: -Dfile.encoding=Cp1252 -XX:+ShowCodeDetailsInExceptionMessages 
java_command: kidszaniakl.ZaniaKL
java_class_path (initial): E:\Computer Science - Bachelor's Degree\Semester IV\Object Oriented Programming\Project\KidsZaniaKL
Launcher Type: SUN_STANDARD

[Global flags]
     intx CICompilerCount                          = 4                                         {product} {ergonomic}
     uint ConcGCThreads                            = 2                                         {product} {ergonomic}
     uint G1ConcRefinementThreads                  = 8                                         {product} {ergonomic}
   size_t G1HeapRegionSize                         = 2097152                                   {product} {ergonomic}
    uintx GCDrainStackTargetSize                   = 64                                        {product} {ergonomic}
   size_t InitialHeapSize                          = 268435456                                 {product} {ergonomic}
   size_t MarkStackSize                            = 4194304                                   {product} {ergonomic}
   size_t MaxHeapSize                              = 4265607168                                {product} {ergonomic}
   size_t MinHeapDeltaBytes                        = 2097152                                   {product} {ergonomic}
   size_t MinHeapSize                              = 8388608                                   {product} {ergonomic}
    uintx NonNMethodCodeHeapSize                   = 5839372                                {pd product} {ergonomic}
    uintx NonProfiledCodeHeapSize                  = 122909434                              {pd product} {ergonomic}
    uintx ProfiledCodeHeapSize                     = 122909434                              {pd product} {ergonomic}
    uintx ReservedCodeCacheSize                    = 251658240                              {pd product} {ergonomic}
     bool SegmentedCodeCache                       = true                                      {product} {ergonomic}
     bool ShowCodeDetailsInExceptionMessages       = true                                   {manageable} {command line}
   size_t SoftMaxHeapSize                          = 4265607168                             {manageable} {ergonomic}
     bool UseCompressedClassPointers               = true                                 {lp64_product} {ergonomic}
     bool UseCompressedOops                        = true                                 {lp64_product} {ergonomic}
     bool UseG1GC                                  = true                                      {product} {ergonomic}
     bool UseLargePagesIndividualAllocation        = false                                  {pd product} {ergonomic}

Logging:
Log output configuration:
 #0: stdout all=warning uptime,level,tags
 #1: stderr all=off uptime,level,tags

Environment Variables:
PATH=C:\Program Files\Common Files\Oracle\Java\javapath;C:\MinGW\bin;C:\Program Files\Microsoft VS Code\bin;C:\Windows\System32\OpenSSH\;C:\Windows\System32\WindowsPowerShell\v1.0\;C:\Users\Rq_ta\AppData\Local\Microsoft\WindowsApps;C:\Program Files\nodejs;C:\Windows;C:\Program Files (x86)\NVIDIA Corporation\PhysX\Common;C:\Windows\system32;C:\Windows\System32\Wbem;C:\WINDOWS\system32;C:\WINDOWS;C:\WINDOWS\System32\Wbem;C:\WINDOWS\System32\WindowsPowerShell\v1.0\;C:\WINDOWS\System32\OpenSSH\;C:\Program Files\nodejs\;C:\Program Files\Java\jdk-15.0.2\bin;C:\Program Files\Java\jdk-15.0.2\bin;C:\Users\Rq_ta\AppData\Local\Programs\Python\Python39\Scripts\;C:\Users\Rq_ta\AppData\Local\Programs\Python\Python39\;C:\Users\Rq_ta\AppData\Local\Microsoft\WindowsApps;C:\Users\Rq_ta\AppData\Roaming\npm
USERNAME=Rq_ta
OS=Windows_NT
PROCESSOR_IDENTIFIER=Intel64 Family 6 Model 142 Stepping 10, GenuineIntel



---------------  S Y S T E M  ---------------

OS:
 Windows 10 , 64 bit Build 19041 (10.0.19041.1023)
OS uptime: 3 days 16:02 hours

CPU: total 8 (initial active 8) (4 cores per cpu, 2 threads per core) family 6 model 142 stepping 10 microcode 0xe0, cmov, cx8, fxsr, mmx, sse, sse2, sse3, ssse3, sse4.1, sse4.2, popcnt, vzeroupper, avx, avx2, aes, clmul, erms, 3dnowpref, lzcnt, ht, tsc, tscinvbit, bmi1, bmi2, adx, fma, clflush, clflushopt

Memory: 4k page, system-wide physical 16264M (8381M free)
TotalPageFile size 28683M (AvailPageFile size 254M)
current process WorkingSet (physical memory assigned to process): 10M, peak: 10M
current process commit charge ("private bytes"): 60M, peak: 316M

vm_info: Java HotSpot(TM) 64-Bit Server VM (15.0.2+7-27) for windows-amd64 JRE (15.0.2+7-27), built on Dec  7 2020 20:07:01 by "mach5one" with unknown MS VC++:1925

END.
